<?xml version="1.0" encoding="UTF-8"?>
<testsuites>
	<testsuite tests="0" errors="0" failures="0" time="0.001" timestamp="2018-02-05T12:09:03">
	</testsuite>
</testsuites>

